Detecting C [-std=c11] compiler features failed to compile with the following output:
Change Dir: /Users/galoscar/Documents/College/Semester 2/Object Oriented Programming/Tests:Exams/Equation/cmake-build-debug/CMakeFiles/CMakeTmp

Run Build Command:"/usr/bin/make" "cmTC_498f2/fast"
/Applications/Xcode.app/Contents/Developer/usr/bin/make -f CMakeFiles/cmTC_498f2.dir/build.make CMakeFiles/cmTC_498f2.dir/build
CMakeFiles/cmTC_498f2.dir/build.make:64: *** target pattern contains no `%'.  Stop.
make: *** [cmTC_498f2/fast] Error 2



Detecting CXX [-std=c++14] compiler features failed to compile with the following output:
Change Dir: /Users/galoscar/Documents/College/Semester 2/Object Oriented Programming/Tests:Exams/Equation/cmake-build-debug/CMakeFiles/CMakeTmp

Run Build Command:"/usr/bin/make" "cmTC_65f01/fast"
/Applications/Xcode.app/Contents/Developer/usr/bin/make -f CMakeFiles/cmTC_65f01.dir/build.make CMakeFiles/cmTC_65f01.dir/build
CMakeFiles/cmTC_65f01.dir/build.make:64: *** target pattern contains no `%'.  Stop.
make: *** [cmTC_65f01/fast] Error 2



